2025-01-30 14:07:30,989 - logger - INFO - Starting Asset Discovery...
2025-01-30 14:07:30,989 - logger - INFO - 
Running asset discovery for GCP...
2025-01-30 14:07:32,394 - logger - INFO - Completed Asset Discovery...
2025-01-30 14:07:32,395 - logger - INFO - Starting Compliance Assessment...
2025-01-30 14:07:32,395 - logger - INFO - 
Running pci_dss compliance for GCP...
2025-01-30 14:07:32,443 - logger - INFO - Running Rule: Ensure GCP storage buckets have default encryption enabled
2025-01-30 14:07:33,110 - logger - INFO - Running Rule: Ensure GCP storage buckets are not publicly accessible
2025-01-30 14:07:33,566 - logger - INFO - Running Rule: Ensure that cardholder data is properly erased when it is no longer required
2025-01-30 14:07:33,785 - logger - INFO - 
Running cis compliance for GCP...
2025-01-30 14:07:33,791 - logger - INFO - Running Rule: Ensure no public roles are assigned to GCP IAM resources (e.g., roles assigned to allUsers or allAuthenticatedUsers)
2025-01-30 14:07:35,066 - logger - INFO - Running Rule: Ensure required IAM roles are assigned to GCP resources, such as roles/owner, roles/editor, etc.
2025-01-30 14:07:35,066 - logger - INFO - Running Rule: Ensure service account keys are properly managed, with no unmanaged or unused keys present
2025-01-30 14:07:35,066 - logger - INFO - Running Rule: Ensure IAM policy changes are tracked to maintain visibility of role assignments and access controls
2025-01-30 14:07:35,067 - logger - INFO - Completed Compliance Assessment...
2025-01-30 14:26:40,931 - logger - INFO - Starting Asset Discovery...
2025-01-30 14:26:40,931 - logger - INFO - 
Running asset discovery for GCP...
2025-01-30 14:26:44,160 - logger - INFO - Completed Asset Discovery...
2025-01-30 14:26:44,160 - logger - INFO - Starting Compliance Assessment...
2025-01-30 14:26:44,160 - logger - INFO - 
Running pci_dss compliance for GCP...
2025-01-30 14:26:44,390 - logger - INFO - Running Rule: Ensure GCP storage buckets have default encryption enabled
2025-01-30 14:26:45,601 - logger - INFO - Running Rule: Ensure GCP storage buckets are not publicly accessible
2025-01-30 14:26:46,033 - logger - INFO - Running Rule: Ensure that cardholder data is properly erased when it is no longer required
2025-01-30 14:26:46,385 - logger - INFO - 
Running cis compliance for GCP...
2025-01-30 14:26:46,403 - logger - INFO - Running Rule: Ensure no public roles are assigned to GCP IAM resources (e.g., roles assigned to allUsers or allAuthenticatedUsers)
2025-01-30 14:26:47,536 - logger - INFO - Running Rule: Ensure required IAM roles are assigned to GCP resources, such as roles/owner, roles/editor, etc.
2025-01-30 14:26:47,537 - logger - INFO - Running Rule: Ensure service account keys are properly managed, with no unmanaged or unused keys present
2025-01-30 14:26:47,537 - logger - INFO - Running Rule: Ensure IAM policy changes are tracked to maintain visibility of role assignments and access controls
2025-01-30 14:26:47,554 - logger - INFO - Completed Compliance Assessment...
2025-01-30 14:36:21,288 - logger - INFO - Starting Asset Discovery...
2025-01-30 14:36:21,288 - logger - INFO - 
Running asset discovery for GCP...
2025-01-30 14:36:22,837 - logger - INFO - Completed Asset Discovery...
2025-01-30 14:36:22,837 - logger - INFO - Starting Compliance Assessment...
2025-01-30 14:36:22,838 - logger - INFO - 
Running pci_dss compliance for GCP...
2025-01-30 14:36:22,901 - logger - INFO - Running Rule: Ensure GCP storage buckets have default encryption enabled
2025-01-30 14:36:24,066 - logger - INFO - Running Rule: Ensure GCP storage buckets are not publicly accessible
2025-01-30 14:36:24,444 - logger - INFO - Running Rule: Ensure that cardholder data is properly erased when it is no longer required
2025-01-30 14:36:24,884 - logger - INFO - 
Running cis compliance for GCP...
2025-01-30 14:36:24,890 - logger - INFO - Running Rule: Ensure no public roles are assigned to GCP IAM resources (e.g., roles assigned to allUsers or allAuthenticatedUsers)
2025-01-30 14:36:25,842 - logger - INFO - Running Rule: Ensure required IAM roles are assigned to GCP resources, such as roles/owner, roles/editor, etc.
2025-01-30 14:36:25,842 - logger - INFO - Running Rule: Ensure service account keys are properly managed, with no unmanaged or unused keys present
2025-01-30 14:36:25,843 - logger - INFO - Running Rule: Ensure IAM policy changes are tracked to maintain visibility of role assignments and access controls
2025-01-30 14:36:25,846 - logger - INFO - Completed Compliance Assessment...
2025-01-30 14:38:14,695 - logger - INFO - Starting Asset Discovery...
2025-01-30 14:38:14,695 - logger - INFO - 
Running asset discovery for GCP...
2025-01-30 14:38:18,340 - logger - INFO - Completed Asset Discovery...
2025-01-30 14:38:18,341 - logger - INFO - Starting Compliance Assessment...
2025-01-30 14:38:18,341 - logger - INFO - 
Running pci_dss compliance for GCP...
2025-01-30 14:38:25,672 - logger - INFO - Running Rule: Ensure GCP storage buckets have default encryption enabled
2025-01-30 14:38:26,666 - logger - INFO - Running Rule: Ensure GCP storage buckets are not publicly accessible
2025-01-30 14:38:27,164 - logger - INFO - Running Rule: Ensure that cardholder data is properly erased when it is no longer required
2025-01-30 14:38:31,401 - logger - INFO - 
Running cis compliance for GCP...
2025-01-30 14:38:31,407 - logger - INFO - Running Rule: Ensure no public roles are assigned to GCP IAM resources (e.g., roles assigned to allUsers or allAuthenticatedUsers)
2025-01-30 14:38:32,365 - logger - INFO - Running Rule: Ensure required IAM roles are assigned to GCP resources, such as roles/owner, roles/editor, etc.
2025-01-30 14:38:32,366 - logger - INFO - Running Rule: Ensure service account keys are properly managed, with no unmanaged or unused keys present
2025-01-30 14:38:32,366 - logger - INFO - Running Rule: Ensure IAM policy changes are tracked to maintain visibility of role assignments and access controls
2025-01-30 14:38:32,369 - logger - INFO - Completed Compliance Assessment...
2025-01-30 14:39:05,206 - logger - INFO - Starting Asset Discovery...
2025-01-30 14:39:05,206 - logger - INFO - 
Running asset discovery for GCP...
2025-01-30 14:39:06,499 - logger - INFO - Completed Asset Discovery...
2025-01-30 14:39:06,499 - logger - INFO - Starting Compliance Assessment...
2025-01-30 14:39:06,499 - logger - INFO - 
Running pci_dss compliance for GCP...
2025-01-30 14:39:06,528 - logger - INFO - Running Rule: Ensure GCP storage buckets have default encryption enabled
2025-01-30 14:39:07,420 - logger - INFO - Running Rule: Ensure GCP storage buckets are not publicly accessible
2025-01-30 14:39:07,866 - logger - INFO - Running Rule: Ensure that cardholder data is properly erased when it is no longer required
2025-01-30 14:39:08,217 - logger - INFO - 
Running cis compliance for GCP...
2025-01-30 14:39:08,218 - logger - INFO - Running Rule: Ensure no public roles are assigned to GCP IAM resources (e.g., roles assigned to allUsers or allAuthenticatedUsers)
2025-01-30 14:39:09,068 - logger - INFO - Running Rule: Ensure required IAM roles are assigned to GCP resources, such as roles/owner, roles/editor, etc.
2025-01-30 14:39:09,068 - logger - INFO - Running Rule: Ensure service account keys are properly managed, with no unmanaged or unused keys present
2025-01-30 14:39:09,069 - logger - INFO - Running Rule: Ensure IAM policy changes are tracked to maintain visibility of role assignments and access controls
2025-01-30 14:39:09,087 - logger - INFO - Completed Compliance Assessment...
2025-01-30 14:39:33,095 - logger - INFO - Starting Asset Discovery...
2025-01-30 14:39:33,095 - logger - INFO - 
Running asset discovery for GCP...
2025-01-30 14:39:34,514 - logger - INFO - Completed Asset Discovery...
2025-01-30 14:39:34,515 - logger - INFO - Starting Compliance Assessment...
2025-01-30 14:39:34,515 - logger - INFO - 
Running pci_dss compliance for GCP...
2025-01-30 14:39:34,577 - logger - INFO - Running Rule: Ensure GCP storage buckets have default encryption enabled
2025-01-30 14:39:35,426 - logger - INFO - Running Rule: Ensure GCP storage buckets are not publicly accessible
2025-01-30 14:39:35,869 - logger - INFO - Running Rule: Ensure that cardholder data is properly erased when it is no longer required
2025-01-30 14:39:36,224 - logger - INFO - 
Running cis compliance for GCP...
2025-01-30 14:39:36,230 - logger - INFO - Running Rule: Ensure no public roles are assigned to GCP IAM resources (e.g., roles assigned to allUsers or allAuthenticatedUsers)
2025-01-30 14:39:37,069 - logger - INFO - Running Rule: Ensure required IAM roles are assigned to GCP resources, such as roles/owner, roles/editor, etc.
2025-01-30 14:39:37,069 - logger - INFO - Running Rule: Ensure service account keys are properly managed, with no unmanaged or unused keys present
2025-01-30 14:39:37,069 - logger - INFO - Running Rule: Ensure IAM policy changes are tracked to maintain visibility of role assignments and access controls
2025-01-30 14:39:37,072 - logger - INFO - Completed Compliance Assessment...
2025-01-30 14:40:40,170 - logger - INFO - Starting Asset Discovery...
2025-01-30 14:40:40,170 - logger - INFO - 
Running asset discovery for GCP...
2025-01-30 14:40:41,329 - logger - INFO - Completed Asset Discovery...
2025-01-30 14:40:41,330 - logger - INFO - Starting Compliance Assessment...
2025-01-30 14:40:41,330 - logger - INFO - 
Running pci_dss compliance for GCP...
2025-01-30 14:40:41,378 - logger - INFO - Running Rule: Ensure GCP storage buckets have default encryption enabled
2025-01-30 14:40:42,216 - logger - INFO - Running Rule: Ensure GCP storage buckets are not publicly accessible
2025-01-30 14:40:42,672 - logger - INFO - Running Rule: Ensure that cardholder data is properly erased when it is no longer required
2025-01-30 14:40:43,022 - logger - INFO - 
Running cis compliance for GCP...
2025-01-30 14:40:43,040 - logger - INFO - Running Rule: Ensure no public roles are assigned to GCP IAM resources (e.g., roles assigned to allUsers or allAuthenticatedUsers)
2025-01-30 14:40:43,973 - logger - INFO - Running Rule: Ensure required IAM roles are assigned to GCP resources, such as roles/owner, roles/editor, etc.
2025-01-30 14:40:43,973 - logger - INFO - Running Rule: Ensure service account keys are properly managed, with no unmanaged or unused keys present
2025-01-30 14:40:43,974 - logger - INFO - Running Rule: Ensure IAM policy changes are tracked to maintain visibility of role assignments and access controls
2025-01-30 14:40:43,991 - logger - INFO - Completed Compliance Assessment...
2025-01-30 15:23:18,626 - logger - INFO - Starting Asset Discovery...
2025-01-30 15:23:18,626 - logger - INFO - 
Running asset discovery for GCP...
2025-01-30 15:23:31,392 - logger - INFO - Completed Asset Discovery...
2025-01-30 15:23:31,392 - logger - INFO - Starting Compliance Assessment...
2025-01-30 15:23:31,393 - logger - INFO - 
Running pci_dss compliance for GCP...
2025-01-30 15:23:31,555 - logger - INFO - Running Rule: Ensure GCP storage buckets have default encryption enabled
2025-01-30 15:23:32,587 - logger - INFO - Running Rule: Ensure GCP storage buckets are not publicly accessible
2025-01-30 15:23:33,047 - logger - INFO - Running Rule: Ensure that cardholder data is properly erased when it is no longer required
2025-01-30 15:23:33,397 - logger - INFO - 
Running cis compliance for GCP...
2025-01-30 15:23:33,400 - logger - INFO - Running Rule: Ensure no public roles are assigned to GCP IAM resources (e.g., roles assigned to allUsers or allAuthenticatedUsers)
2025-01-30 15:23:34,263 - logger - INFO - Running Rule: Ensure required IAM roles are assigned to GCP resources, such as roles/owner, roles/editor, etc.
2025-01-30 15:23:34,263 - logger - INFO - Running Rule: Ensure service account keys are properly managed, with no unmanaged or unused keys present
2025-01-30 15:23:34,263 - logger - INFO - Running Rule: Ensure IAM policy changes are tracked to maintain visibility of role assignments and access controls
2025-01-30 15:23:34,266 - logger - INFO - Completed Compliance Assessment...
2025-01-30 16:32:29,521 - logger - INFO - Starting Asset Discovery...
2025-01-30 16:32:29,521 - logger - INFO - 
Running asset discovery for GCP...
2025-01-30 16:32:55,632 - logger - INFO - Completed Asset Discovery...
2025-01-30 16:32:55,634 - logger - INFO - Starting Compliance Assessment...
2025-01-30 16:32:55,634 - logger - INFO - 
Running pci_dss compliance for GCP...
2025-01-30 16:32:55,930 - logger - INFO - Running Rule: Ensure GCP storage buckets have default encryption enabled
2025-01-30 16:32:57,483 - logger - INFO - Running Rule: Ensure GCP storage buckets are not publicly accessible
2025-01-30 16:32:58,386 - logger - INFO - Running Rule: Ensure that cardholder data is properly erased when it is no longer required
2025-01-30 16:32:58,782 - logger - INFO - 
Running cis compliance for GCP...
2025-01-30 16:32:58,793 - logger - INFO - Running Rule: Ensure no public roles are assigned to GCP IAM resources (e.g., roles assigned to allUsers or allAuthenticatedUsers)
2025-01-30 16:33:00,514 - logger - INFO - Running Rule: Ensure required IAM roles are assigned to GCP resources, such as roles/owner, roles/editor, etc.
2025-01-30 16:33:00,514 - logger - INFO - Running Rule: Ensure service account keys are properly managed, with no unmanaged or unused keys present
2025-01-30 16:33:00,514 - logger - INFO - Running Rule: Ensure IAM policy changes are tracked to maintain visibility of role assignments and access controls
2025-01-30 16:33:00,522 - logger - INFO - Completed Compliance Assessment...
2025-01-30 16:33:54,453 - logger - INFO - Starting Asset Discovery...
2025-01-30 16:33:54,453 - logger - INFO - 
Running asset discovery for GCP...
2025-01-30 16:33:55,843 - logger - INFO - Completed Asset Discovery...
2025-01-30 16:33:55,844 - logger - INFO - Starting Compliance Assessment...
2025-01-30 16:33:55,844 - logger - INFO - 
Running pci_dss compliance for GCP...
2025-01-30 16:33:55,880 - logger - INFO - Running Rule: Ensure GCP storage buckets have default encryption enabled
2025-01-30 16:33:56,930 - logger - INFO - Running Rule: Ensure GCP storage buckets are not publicly accessible
2025-01-30 16:33:57,415 - logger - INFO - Running Rule: Ensure that cardholder data is properly erased when it is no longer required
2025-01-30 16:33:57,746 - logger - INFO - 
Running cis compliance for GCP...
2025-01-30 16:33:57,749 - logger - INFO - Running Rule: Ensure no public roles are assigned to GCP IAM resources (e.g., roles assigned to allUsers or allAuthenticatedUsers)
2025-01-30 16:33:58,617 - logger - INFO - Running Rule: Ensure required IAM roles are assigned to GCP resources, such as roles/owner, roles/editor, etc.
2025-01-30 16:33:58,617 - logger - INFO - Running Rule: Ensure service account keys are properly managed, with no unmanaged or unused keys present
2025-01-30 16:33:58,617 - logger - INFO - Running Rule: Ensure IAM policy changes are tracked to maintain visibility of role assignments and access controls
2025-01-30 16:33:58,634 - logger - INFO - Completed Compliance Assessment...
